

Started GET "/" for 127.0.0.1 at 2015-08-29 19:51:20 -0300
Processing by Rails::WelcomeController#index as HTML
  Rendered /home/alessandrostein/.rvm/gems/ruby-2.2.2/gems/railties-4.2.1/lib/rails/templates/rails/welcome/index.html.erb (7.5ms)
Completed 200 OK in 97ms (Views: 64.8ms)


Started GET "/tasks" for 127.0.0.1 at 2015-08-29 19:51:27 -0300
Processing by TasksController#index as HTML
  Rendered tasks/index.html.erb within layouts/application (30049.0ms)
Completed 500 Internal Server Error in 30094ms

ActionView::Template::Error (No server is available matching preference: #<Mongo::ServerSelector::Primary:0x0000000633e040 @tag_sets=[], @options={:database=>:playtivoligardens_app}, @server_selection_timeout=30>):
    10:   </thead>
    11: 
    12:   <tbody>
    13:     <% @tasks.each do |task| %>
    14:       <tr>
    15:         <td><%= link_to 'Show', task %></td>
    16:         <td><%= link_to 'Edit', edit_task_path(task) %></td>
  app/views/tasks/index.html.erb:13:in `_app_views_tasks_index_html_erb___2330647037432475551_52220540'


  Rendered /home/alessandrostein/.rvm/gems/ruby-2.2.2/gems/actionpack-4.2.1/lib/action_dispatch/middleware/templates/rescues/_source.erb (7.5ms)
  Rendered /home/alessandrostein/.rvm/gems/ruby-2.2.2/gems/actionpack-4.2.1/lib/action_dispatch/middleware/templates/rescues/_trace.html.erb (2.7ms)
  Rendered /home/alessandrostein/.rvm/gems/ruby-2.2.2/gems/actionpack-4.2.1/lib/action_dispatch/middleware/templates/rescues/_request_and_response.html.erb (1.4ms)
  Rendered /home/alessandrostein/.rvm/gems/ruby-2.2.2/gems/actionpack-4.2.1/lib/action_dispatch/middleware/templates/rescues/template_error.html.erb within rescues/layout (23.7ms)
  Rendered /home/alessandrostein/.rvm/gems/ruby-2.2.2/gems/web-console-2.2.1/lib/web_console/templates/_markup.html.erb (0.5ms)
  Rendered /home/alessandrostein/.rvm/gems/ruby-2.2.2/gems/web-console-2.2.1/lib/web_console/templates/_inner_console_markup.html.erb within layouts/inlined_string (0.3ms)
  Rendered /home/alessandrostein/.rvm/gems/ruby-2.2.2/gems/web-console-2.2.1/lib/web_console/templates/_prompt_box_markup.html.erb within layouts/inlined_string (0.2ms)
  Rendered /home/alessandrostein/.rvm/gems/ruby-2.2.2/gems/web-console-2.2.1/lib/web_console/templates/style.css.erb within layouts/inlined_string (0.2ms)
  Rendered /home/alessandrostein/.rvm/gems/ruby-2.2.2/gems/web-console-2.2.1/lib/web_console/templates/console.js.erb within layouts/javascript (12.2ms)
  Rendered /home/alessandrostein/.rvm/gems/ruby-2.2.2/gems/web-console-2.2.1/lib/web_console/templates/main.js.erb within layouts/javascript (0.3ms)
  Rendered /home/alessandrostein/.rvm/gems/ruby-2.2.2/gems/web-console-2.2.1/lib/web_console/templates/error_page.js.erb within layouts/javascript (0.6ms)
  Rendered /home/alessandrostein/.rvm/gems/ruby-2.2.2/gems/web-console-2.2.1/lib/web_console/templates/index.html.erb (48.5ms)
